
> api.entalla.backend@0.0.1 build
> nest build && cp -r src/i18n dist/

[96msrc/modules/codetrace/queries/codetrace.graphql.query.ts[0m:[93m34[0m:[93m10[0m - [91merror[0m[90m TS2305: [0mModule '"../services/codetrace.graphql.service"' has no exported member 'CodetraceService'.

[7m34[0m import { CodetraceService } from '../services/codetrace.graphql.service';
[7m  [0m [91m         ~~~~~~~~~~~~~~~~[0m
[96msrc/modules/codetrace/queries/codetrace.graphql.query.ts[0m:[93m38[0m:[93m41[0m - [91merror[0m[90m TS2552: [0mCannot find name 'CodetraceGraphqlService'. Did you mean 'CodetraceGraphqlQuery'?

[7m38[0m   constructor(private readonly service: CodetraceGraphqlService) {}
[7m  [0m [91m                                        ~~~~~~~~~~~~~~~~~~~~~~~[0m

  [96msrc/modules/codetrace/queries/codetrace.graphql.query.ts[0m:[93m37[0m:[93m14[0m
    [7m37[0m export class CodetraceGraphqlQuery {
    [7m  [0m [96m             ~~~~~~~~~~~~~~~~~~~~~[0m
    'CodetraceGraphqlQuery' is declared here.
[96msrc/modules/codetrace/services/codetracecommand.service.ts[0m:[93m122[0m:[93m19[0m - [91merror[0m[90m TS2339: [0mProperty 'fromDto' does not exist on type 'typeof Codetrace'.

[7m122[0m         Codetrace.fromDto(createCodetraceDtoInput)
[7m   [0m [91m                  ~~~~~~~[0m
[96msrc/modules/codetrace/services/codetracecommand.service.ts[0m:[93m172[0m:[93m60[0m - [91merror[0m[90m TS2339: [0mProperty 'fromDto' does not exist on type 'typeof Codetrace'.

[7m172[0m         createCodetraceDtosInput.map((entity) => Codetrace.fromDto(entity))
[7m   [0m [91m                                                           ~~~~~~~[0m
[96msrc/modules/codetrace/services/codetracecommand.service.ts[0m:[93m224[0m:[93m19[0m - [91merror[0m[90m TS2339: [0mProperty 'fromDto' does not exist on type 'typeof Codetrace'.

[7m224[0m         Codetrace.fromDto(partialEntity)
[7m   [0m [91m                  ~~~~~~~[0m
[96msrc/modules/codetrace/services/codetracecommand.service.ts[0m:[93m272[0m:[93m49[0m - [91merror[0m[90m TS2339: [0mProperty 'fromDto' does not exist on type 'typeof Codetrace'.

[7m272[0m         partialEntity.map((entity) => Codetrace.fromDto(entity))
[7m   [0m [91m                                                ~~~~~~~[0m

Found 6 error(s).

